{"C:\\GiftGiver_React_Enzyme-TDD\\giftgiver\\src\\components\\App.js": {"path":"C:\\GiftGiver_React_Enzyme-TDD\\giftgiver\\src\\components\\App.js","statementMap":{"0":{"start":{"line":7,"column":8},"end":{"line":7,"column":16}},"1":{"start":{"line":8,"column":8},"end":{"line":10,"column":9}},"2":{"start":{"line":12,"column":10},"end":{"line":19,"column":1}},"3":{"start":{"line":13,"column":20},"end":{"line":13,"column":30}},"4":{"start":{"line":14,"column":17},"end":{"line":14,"column":54}},"5":{"start":{"line":14,"column":46},"end":{"line":14,"column":53}},"6":{"start":{"line":15,"column":18},"end":{"line":15,"column":55}},"7":{"start":{"line":16,"column":8},"end":{"line":16,"column":38}},"8":{"start":{"line":17,"column":8},"end":{"line":17,"column":30}},"9":{"start":{"line":20,"column":13},"end":{"line":24,"column":1}},"10":{"start":{"line":21,"column":4},"end":{"line":21,"column":12}},"11":{"start":{"line":22,"column":18},"end":{"line":22,"column":65}},"12":{"start":{"line":22,"column":50},"end":{"line":22,"column":64}},"13":{"start":{"line":23,"column":4},"end":{"line":23,"column":26}},"14":{"start":{"line":26,"column":8},"end":{"line":26,"column":37}},"15":{"start":{"line":27,"column":8},"end":{"line":42,"column":9}},"16":{"start":{"line":33,"column":24},"end":{"line":36,"column":26}}},"fnMap":{"0":{"name":"(anonymous_0)","decl":{"start":{"line":6,"column":4},"end":{"line":6,"column":5}},"loc":{"start":{"line":6,"column":18},"end":{"line":11,"column":5}},"line":6},"1":{"name":"(anonymous_1)","decl":{"start":{"line":12,"column":10},"end":{"line":12,"column":11}},"loc":{"start":{"line":12,"column":16},"end":{"line":19,"column":1}},"line":12},"2":{"name":"(anonymous_2)","decl":{"start":{"line":14,"column":38},"end":{"line":14,"column":39}},"loc":{"start":{"line":14,"column":46},"end":{"line":14,"column":53}},"line":14},"3":{"name":"(anonymous_3)","decl":{"start":{"line":20,"column":13},"end":{"line":20,"column":14}},"loc":{"start":{"line":20,"column":21},"end":{"line":24,"column":1}},"line":20},"4":{"name":"(anonymous_4)","decl":{"start":{"line":22,"column":42},"end":{"line":22,"column":43}},"loc":{"start":{"line":22,"column":50},"end":{"line":22,"column":64}},"line":22},"5":{"name":"(anonymous_5)","decl":{"start":{"line":25,"column":4},"end":{"line":25,"column":5}},"loc":{"start":{"line":25,"column":13},"end":{"line":43,"column":5}},"line":25},"6":{"name":"(anonymous_6)","decl":{"start":{"line":32,"column":41},"end":{"line":32,"column":42}},"loc":{"start":{"line":33,"column":24},"end":{"line":36,"column":26}},"line":33}},"branchMap":{"0":{"loc":{"start":{"line":15,"column":18},"end":{"line":15,"column":55}},"type":"cond-expr","locations":[{"start":{"line":15,"column":35},"end":{"line":15,"column":51}},{"start":{"line":15,"column":54},"end":{"line":15,"column":55}}],"line":15}},"s":{"0":1,"1":1,"2":1,"3":2,"4":2,"5":1,"6":2,"7":2,"8":2,"9":1,"10":1,"11":1,"12":2,"13":1,"14":4,"15":4,"16":4},"f":{"0":1,"1":2,"2":1,"3":1,"4":2,"5":4,"6":4},"b":{"0":[1,1]},"_coverageSchema":"43e27e138ebf9cfc5966b082cf9a028302ed4184","hash":"ae6815f4c260763887d97a22ff5b960c93511faf"}
,"C:\\GiftGiver_React_Enzyme-TDD\\giftgiver\\src\\components\\Gift.js": {"path":"C:\\GiftGiver_React_Enzyme-TDD\\giftgiver\\src\\components\\Gift.js","statementMap":{"0":{"start":{"line":5,"column":12},"end":{"line":8,"column":5}},"1":{"start":{"line":10,"column":15},"end":{"line":10,"column":33}},"2":{"start":{"line":11,"column":8},"end":{"line":25,"column":9}},"3":{"start":{"line":16,"column":81},"end":{"line":16,"column":124}},"4":{"start":{"line":20,"column":82},"end":{"line":20,"column":126}},"5":{"start":{"line":22,"column":66},"end":{"line":22,"column":91}}},"fnMap":{"0":{"name":"(anonymous_0)","decl":{"start":{"line":9,"column":4},"end":{"line":9,"column":5}},"loc":{"start":{"line":9,"column":13},"end":{"line":26,"column":5}},"line":9},"1":{"name":"(anonymous_1)","decl":{"start":{"line":16,"column":70},"end":{"line":16,"column":71}},"loc":{"start":{"line":16,"column":81},"end":{"line":16,"column":124}},"line":16},"2":{"name":"(anonymous_2)","decl":{"start":{"line":20,"column":71},"end":{"line":20,"column":72}},"loc":{"start":{"line":20,"column":82},"end":{"line":20,"column":126}},"line":20},"3":{"name":"(anonymous_3)","decl":{"start":{"line":22,"column":60},"end":{"line":22,"column":61}},"loc":{"start":{"line":22,"column":66},"end":{"line":22,"column":91}},"line":22}},"branchMap":{},"s":{"0":1,"1":3,"2":3,"3":1,"4":1,"5":1},"f":{"0":3,"1":1,"2":1,"3":1},"b":{},"_coverageSchema":"43e27e138ebf9cfc5966b082cf9a028302ed4184","hash":"ff6c24a8dc4bd3478918990e03f812e144de290d"}
}
